<?xml version="1.0" encoding="UTF-8"?>
<testng-results ignored="0" total="1" passed="1" failed="0" skipped="0">
  <reporter-output>
  </reporter-output>
  <suite started-at="2021-05-30T04:28:32 EDT" name="Suite1" finished-at="2021-05-30T04:28:37 EDT" duration-ms="5449">
    <groups>
    </groups>
    <test started-at="2021-05-30T04:28:32 EDT" name="LinkTest1" finished-at="2021-05-30T04:28:37 EDT" duration-ms="5449">
      <class name="tests.DivercityTests">
        <test-method signature="TestFooterLinks()[pri:0, instance:tests.DivercityTests@28276e50]" started-at="2021-05-30T04:28:32 EDT" name="TestFooterLinks" finished-at="2021-05-30T04:28:36 EDT" duration-ms="4490" status="PASS">
          <reporter-output>
          </reporter-output>
        </test-method> <!-- TestFooterLinks -->
        <test-method is-config="true" signature="tearDown()[pri:0, instance:tests.DivercityTests@28276e50]" started-at="2021-05-30T04:28:36 EDT" name="tearDown" finished-at="2021-05-30T04:28:37 EDT" duration-ms="813" status="PASS">
          <reporter-output>
          </reporter-output>
        </test-method> <!-- tearDown -->
      </class> <!-- tests.DivercityTests -->
    </test> <!-- LinkTest1 -->
  </suite> <!-- Suite1 -->
</testng-results>
